Arguments: 
  D:\Program Files\nodejs\node.exe D:\npm\node_modules\yarn\bin\yarn.js add regeneratorRuntime

PATH: 
  C:\Users\kongcuijuan\bin;C:\Program Files\Git\mingw64\bin;C:\Program Files\Git\usr\local\bin;C:\Program Files\Git\usr\bin;C:\Program Files\Git\usr\bin;C:\Program Files\Git\mingw64\bin;C:\Program Files\Git\usr\bin;C:\Users\kongcuijuan\bin;C:\Program Files (x86)\Common Files\Oracle\Java\javapath;C:\Python27;C:\Python27\Scripts;C:\Windows\system32;C:\Windows;C:\Windows\System32\Wbem;C:\Windows\System32\WindowsPowerShell\v1.0;C:\Windows\System32\OpenSSH;C:\ProgramData\chocolatey\bin;C:\Users\kongcuijuan\AppData\Roaming\nvm;C:\Program Files\nodejs;C:\Program Files\Java\jdk1.8.0_251\bin;C:\Users\kongcuijuan\AppData\Local\Android\Sdk\platform-tools;C:\Users\kongcuijuan\AppData\Local\Android\Sdk\platform-tools;C:\Users\kongcuijuan\AppData\Local\Android\Sdk\emulator;C:\Users\kongcuijuan\AppData\Local\Android\Sdk\tools;C:\Users\kongcuijuan\AppData\Local\Android\Sdk\tools\bin;C:\Program Files\Git\cmd;D:\Program Files\nodejs;C:\Users\kongcuijuan\AppData\Local\Microsoft\WindowsApps;D:\Program Files\JetBrains\WebStorm 2019.3.1\bin;C:\Users\kongcuijuan\AppData\Roaming\nvm;C:\Program Files\nodejs;E:\softwares\flutter\bin;E:\jsshell-win64;E:\platform-tools_r30.0.5-windows\platform-tools;D:\npm;D:\Users\kongcuijuan\AppData\Local\Programs\Microsoft VS Code\bin;D:\Users\kongcuijuan\AppData\Roaming\npm;C:\Users\kongcuijuan\AppData\Roaming\npm;C:\Program Files\Git\usr\bin\vendor_perl;C:\Program Files\Git\usr\bin\core_perl

Yarn version: 
  1.21.1

Node version: 
  16.13.2

Platform: 
  win32 x64

Trace: 
  Error: https://registry.npmjs.org/regeneratorRuntime: Not found
      at Request.params.callback [as _callback] (D:\npm\node_modules\yarn\lib\cli.js:66947:18)
      at Request.self.callback (D:\npm\node_modules\yarn\lib\cli.js:140665:22)
      at Request.emit (node:events:390:28)
      at Request.<anonymous> (D:\npm\node_modules\yarn\lib\cli.js:141637:10)
      at Request.emit (node:events:390:28)
      at IncomingMessage.<anonymous> (D:\npm\node_modules\yarn\lib\cli.js:141559:12)
      at Object.onceWrapper (node:events:509:28)
      at IncomingMessage.emit (node:events:402:35)
      at endReadableNT (node:internal/streams/readable:1343:12)
      at processTicksAndRejections (node:internal/process/task_queues:83:21)

npm manifest: 
  {
    "dependencies": {
      "node-fetch-npm": "^2.0.4"
    }
  }

yarn manifest: 
  No manifest

Lockfile: 
  # THIS IS AN AUTOGENERATED FILE. DO NOT EDIT THIS FILE DIRECTLY.
  # yarn lockfile v1
  
  
  encoding@^0.1.11:
    version "0.1.13"
    resolved "https://registry.npmjs.org/encoding/-/encoding-0.1.13.tgz#56574afdd791f54a8e9b2785c0582a2d26210fa9"
    integrity sha512-ETBauow1T35Y/WZMkio9jiM0Z5xjHHmJ4XmjZOq1l/dXz3lr2sRn87nJy20RupqSh1F2m3HHPSp8ShIPQJrJ3A==
    dependencies:
      iconv-lite "^0.6.2"
  
  iconv-lite@^0.6.2:
    version "0.6.3"
    resolved "https://registry.npmjs.org/iconv-lite/-/iconv-lite-0.6.3.tgz#a52f80bf38da1952eb5c681790719871a1a72501"
    integrity sha512-4fCk79wshMdzMp2rH06qWrJE4iolqLhCUH+OiuIgU++RB0+94NlDL81atO7GX55uUKueo0txHNtvEyI6D7WdMw==
    dependencies:
      safer-buffer ">= 2.1.2 < 3.0.0"
  
  json-parse-better-errors@^1.0.0:
    version "1.0.2"
    resolved "https://registry.npmjs.org/json-parse-better-errors/-/json-parse-better-errors-1.0.2.tgz#bb867cfb3450e69107c131d1c514bab3dc8bcaa9"
    integrity sha512-mrqyZKfX5EhL7hvqcV6WG1yYjnjeuYDzDhhcAAUrq8Po85NBQBJP+ZDUT75qZQ98IkUoBqdkExkukOU7Ts2wrw==
  
  node-fetch-npm@^2.0.4:
    version "2.0.4"
    resolved "https://registry.npmjs.org/node-fetch-npm/-/node-fetch-npm-2.0.4.tgz#6507d0e17a9ec0be3bec516958a497cec54bf5a4"
    integrity sha512-iOuIQDWDyjhv9qSDrj9aq/klt6F9z1p2otB3AV7v3zBDcL/x+OfGsvGQZZCcMZbUf4Ujw1xGNQkjvGnVT22cKg==
    dependencies:
      encoding "^0.1.11"
      json-parse-better-errors "^1.0.0"
      safe-buffer "^5.1.1"
  
  safe-buffer@^5.1.1:
    version "5.2.1"
    resolved "https://registry.npmjs.org/safe-buffer/-/safe-buffer-5.2.1.tgz#1eaf9fa9bdb1fdd4ec75f58f9cdb4e6b7827eec6"
    integrity sha512-rp3So07KcdmmKbGvgaNxQSJr7bGVSVk5S9Eq1F+ppbRo70+YeaDxkw5Dd8NPN+GD6bjnYm2VuPuCXmpuYvmCXQ==
  
  "safer-buffer@>= 2.1.2 < 3.0.0":
    version "2.1.2"
    resolved "https://registry.npmjs.org/safer-buffer/-/safer-buffer-2.1.2.tgz#44fa161b0187b9549dd84bb91802f9bd8385cd6a"
    integrity sha512-YZo3K82SD7Riyi0E1EQPojLz7kpepnSQI9IyPbHHg1XXXevb5dJI7tpyN2ADxGcQbHG7vcyRHk0cbwqcQriUtg==
